2024-04-30T18:02:16.927Z - Default data directory: 
2024-04-30T18:03:45.878Z - Default data directory: 
2024-04-30T18:04:46.710Z - User indicated that ZWI files are not on the thumb drive.
2024-04-30T18:22:12.697Z - ZWI Directory Path:
2024-04-30T18:22:12.764Z - Default data directory: 
2024-04-30T18:23:14.463Z - User confirmed that the ZWI files are on the thumb drive.
2024-04-30T18:23:14.463Z - ZWI Directory Path: null
2024-04-30T18:25:36.101Z - ZWI Directory Path:
2024-04-30T18:25:36.165Z - Default data directory: 
2024-04-30T18:26:21.168Z - User confirmed that the ZWI files are on the thumb drive.
2024-04-30T18:26:21.168Z - ZWI Directory Path: null
2024-04-30T18:32:15.403Z - ZWI Directory Path:
2024-04-30T18:32:15.468Z - Default data directory: 
2024-04-30T18:33:00.469Z - User confirmed that the ZWI files are on the thumb drive.
2024-04-30T18:33:00.469Z - ZWI Directory Path: null
2024-04-30T18:37:55.099Z - ZWI Directory Path:
2024-04-30T18:38:25.207Z - User confirmed that the ZWI files are on the thumb drive.
2024-04-30T18:38:25.207Z - ZWI Directory Path: null
2024-04-30T19:06:28.878Z - ZWI Directory Path:
2024-04-30T19:49:11.946Z - ZWI Directory Path:
2024-04-30T19:55:38.241Z - ZWI Directory Path:
2024-04-30T20:00:31.463Z - ZWI Directory Path:
2024-04-30T20:01:58.460Z - ZWI Directory Path:
2024-04-30T20:02:12.783Z - ZWI Location Choice:
2024-04-30T20:03:07.014Z - ZWI Directory Path:
2024-04-30T20:03:48.439Z - ZWI Directory Path:
2024-04-30T20:04:15.152Z - ZWI Directory Path:
2024-04-30T20:04:45.254Z - ZWI Location Choice:
2024-04-30T20:05:29.870Z - ZWI Directory Path:
2024-04-30T20:05:59.988Z - ZWI Location Choice:
2024-04-30T20:06:56.117Z - ZWI Directory Path:
2024-04-30T20:11:36.406Z - ZWI Directory Path:
2024-04-30T20:13:00.672Z - ZWI Directory Path:
2024-04-30T20:13:06.794Z - ZWI Location Choice:
2024-04-30T20:13:12.741Z - ZWI Directory Path:
2024-04-30T20:13:13.878Z - ZWI Location Choice:
2024-04-30T22:06:40.940Z - ZWI Directory Path:
2024-04-30T22:06:43.349Z - ZWI Location Choice:
2024-04-30T22:08:01.113Z - in getZwiDirectoryPath()
2024-04-30T22:08:01.114Z - ZWI Directory Path:
2024-04-30T22:08:03.519Z - ZWI Location Choice:
2024-04-30T22:08:03.519Z - in getZwiDirectoryPath()
2024-04-30T22:09:12.600Z - ZWI Directory Path:
2024-04-30T22:09:15.352Z - ZWI Location Choice:
2024-04-30T22:09:15.352Z - Here
2024-04-30T22:09:56.776Z - ZWI Directory Path:
2024-04-30T22:09:56.906Z - Here 1
2024-04-30T22:09:58.803Z - ZWI Location Choice:
2024-04-30T22:11:13.213Z - ZWI Directory Path:
2024-04-30T22:11:13.278Z - Before createWindow
2024-04-30T22:11:15.604Z - ZWI Location Choice:
2024-04-30T22:11:42.255Z - ZWI Directory Path:
2024-04-30T22:11:42.255Z - Here
2024-04-30T22:11:42.320Z - Before createWindow
2024-04-30T22:11:44.105Z - ZWI Location Choice:
2024-05-01T01:14:30.787Z - appImagePath:
2024-05-01T01:14:30.787Z - ZWI Directory Path:
2024-05-01T01:19:36.007Z - appImagePath:
2024-05-01T01:19:36.007Z - ZWI Directory Path:
2024-05-01T14:17:07.800Z - appImagePath:
2024-05-01T14:17:07.800Z - ZWI Directory Path:
2024-05-01T21:19:02.960Z - appImagePath:
2024-05-01T21:19:02.960Z - ZWI Directory Path:
2024-05-01T21:20:46.993Z - appImagePath:
2024-05-01T21:20:46.993Z - ZWI Directory Path:
2024-05-01T21:22:06.593Z - appImagePath:
2024-05-01T21:22:06.594Z - ZWI Directory Path:
2024-05-01T21:22:06.741Z - configFilePath = 
2024-05-01T21:22:50.822Z - configFilePath = 
2024-05-01T21:22:50.822Z - appImagePath:
2024-05-01T21:22:50.822Z - ZWI Directory Path:
